2019-02-23 08:44:41,974 [INFO] from play.api.db.DefaultDBApi in play-dev-mode-akka.actor.default-dispatcher-2 - Database [default] initialized at jdbc:h2:mem:play;MODE=MYSQL;DB_CLOSE_DELAY=-1
2019-02-23 08:44:41,975 [INFO] from application in play-dev-mode-akka.actor.default-dispatcher-2 - Creating Pool for datasource 'default'
2019-02-23 08:44:43,652 [DEBUG] from controllers.AssetsConfiguration in play-dev-mode-akka.actor.default-dispatcher-2 - Using the following cache configuration for assets:
	 enableCaching = false
	 enableCacheControl = false
	 defaultCacheControl = public, max-age=3600
	 aggressiveCacheControl = public, max-age=31536000, immutable
	 configuredCacheControl:


2019-02-23 08:44:43,691 [INFO] from play.api.http.EnabledFilters in play-dev-mode-akka.actor.default-dispatcher-2 - Enabled Filters (see <https://www.playframework.com/documentation/latest/Filters>):

    play.filters.csrf.CSRFFilter
    play.filters.headers.SecurityHeadersFilter
    play.filters.hosts.AllowedHostsFilter

2019-02-23 08:44:43,698 [INFO] from play.api.Play in play-dev-mode-akka.actor.default-dispatcher-2 - Application started (Dev) (no global state)
2019-02-23 08:44:43,825 [ERROR] from application in play-dev-mode-akka.actor.default-dispatcher-2 - 

! @7b2a6io3f - Internal server error, for (GET) [/] ->
 
play.api.db.evolutions.InvalidDatabaseRevision: Database 'default' needs evolution![An SQL script need to be run on your database.]
	at play.api.db.evolutions.EvolutionsWebCommands.$anonfun$handleWebCommand$5(ApplicationEvolutions.scala:418)
	at play.api.db.evolutions.EvolutionsWebCommands.$anonfun$handleWebCommand$5$adapted(ApplicationEvolutions.scala:412)
	at play.api.db.evolutions.ApplicationEvolutions$.$anonfun$runEvolutions$1(ApplicationEvolutions.scala:168)
	at play.api.db.evolutions.ApplicationEvolutions$.withLock(ApplicationEvolutions.scala:189)
	at play.api.db.evolutions.ApplicationEvolutions$.runEvolutions(ApplicationEvolutions.scala:159)
	at play.api.db.evolutions.EvolutionsWebCommands.$anonfun$handleWebCommand$4(ApplicationEvolutions.scala:412)
	at play.api.db.evolutions.EvolutionsWebCommands.$anonfun$handleWebCommand$4$adapted(ApplicationEvolutions.scala:412)
	at scala.collection.immutable.List.foreach(List.scala:392)
	at play.api.db.evolutions.EvolutionsWebCommands.handleWebCommand(ApplicationEvolutions.scala:412)
	at play.core.DefaultWebCommands.$anonfun$handleWebCommand$1(WebCommands.scala:41)
	at scala.collection.immutable.Stream.flatMap(Stream.scala:489)
	at play.core.DefaultWebCommands.handleWebCommand(WebCommands.scala:41)
	at play.api.http.DefaultHttpRequestHandler.$anonfun$handlerForRequest$4(HttpRequestHandler.scala:180)
	at scala.Option.flatMap(Option.scala:188)
	at play.api.http.DefaultHttpRequestHandler.handlerForRequest(HttpRequestHandler.scala:179)
	at play.core.server.Server$.getHandlerFor(Server.scala:113)
	at play.core.server.AkkaHttpServer.handleRequest(AkkaHttpServer.scala:267)
	at play.core.server.AkkaHttpServer.$anonfun$createServerBinding$1(AkkaHttpServer.scala:149)
	at akka.stream.impl.fusing.MapAsync$$anon$30.onPush(Ops.scala:1207)
	at akka.stream.impl.fusing.GraphInterpreter.processPush(GraphInterpreter.scala:519)
	at akka.stream.impl.fusing.GraphInterpreter.execute(GraphInterpreter.scala:411)
	at akka.stream.impl.fusing.GraphInterpreterShell.runBatch(ActorGraphInterpreter.scala:588)
	at akka.stream.impl.fusing.GraphInterpreterShell$AsyncInput.execute(ActorGraphInterpreter.scala:472)
	at akka.stream.impl.fusing.GraphInterpreterShell.processEvent(ActorGraphInterpreter.scala:563)
	at akka.stream.impl.fusing.ActorGraphInterpreter.akka$stream$impl$fusing$ActorGraphInterpreter$$processEvent(ActorGraphInterpreter.scala:745)
	at akka.stream.impl.fusing.ActorGraphInterpreter$$anonfun$receive$1.applyOrElse(ActorGraphInterpreter.scala:760)
	at akka.actor.Actor.aroundReceive(Actor.scala:517)
	at akka.actor.Actor.aroundReceive$(Actor.scala:515)
	at akka.stream.impl.fusing.ActorGraphInterpreter.aroundReceive(ActorGraphInterpreter.scala:670)
	at akka.actor.ActorCell.receiveMessage(ActorCell.scala:588)
	at akka.actor.ActorCell.invoke(ActorCell.scala:557)
	at akka.dispatch.Mailbox.processMailbox(Mailbox.scala:258)
	at akka.dispatch.Mailbox.run(Mailbox.scala:225)
	at akka.dispatch.Mailbox.exec(Mailbox.scala:235)
	at akka.dispatch.forkjoin.ForkJoinTask.doExec(ForkJoinTask.java:260)
	at akka.dispatch.forkjoin.ForkJoinPool$WorkQueue.runTask(ForkJoinPool.java:1339)
	at akka.dispatch.forkjoin.ForkJoinPool.runWorker(ForkJoinPool.java:1979)
	at akka.dispatch.forkjoin.ForkJoinWorkerThread.run(ForkJoinWorkerThread.java:107)
2019-02-23 08:44:47,511 [INFO] from application in application-akka.actor.default-dispatcher-2 - Shutting down connection pool.
2019-02-23 08:44:47,758 [INFO] from play.api.db.DefaultDBApi in play-dev-mode-akka.actor.default-dispatcher-5 - Database [default] initialized at jdbc:h2:mem:play;MODE=MYSQL;DB_CLOSE_DELAY=-1
2019-02-23 08:44:47,758 [INFO] from application in play-dev-mode-akka.actor.default-dispatcher-5 - Creating Pool for datasource 'default'
2019-02-23 08:44:47,940 [DEBUG] from controllers.AssetsConfiguration in play-dev-mode-akka.actor.default-dispatcher-5 - Using the following cache configuration for assets:
	 enableCaching = false
	 enableCacheControl = false
	 defaultCacheControl = public, max-age=3600
	 aggressiveCacheControl = public, max-age=31536000, immutable
	 configuredCacheControl:


2019-02-23 08:44:47,946 [INFO] from play.api.http.EnabledFilters in play-dev-mode-akka.actor.default-dispatcher-5 - Enabled Filters (see <https://www.playframework.com/documentation/latest/Filters>):

    play.filters.csrf.CSRFFilter
    play.filters.headers.SecurityHeadersFilter
    play.filters.hosts.AllowedHostsFilter

2019-02-23 08:44:47,949 [INFO] from play.api.Play in play-dev-mode-akka.actor.default-dispatcher-5 - Application started (Dev) (no global state)
2019-02-23 08:44:48,245 [INFO] from controllers.Application in application-akka.actor.default-dispatcher-3 - Application#index
2019-02-23 08:44:50,741 [INFO] from controllers.Application in application-akka.actor.default-dispatcher-8 - Application#init
2019-02-23 08:44:50,807 [INFO] from controllers.Application in application-akka.actor.default-dispatcher-8 - Application#index
2019-02-23 08:44:53,590 [INFO] from controllers.Application in application-akka.actor.default-dispatcher-4 - Application#detail
2019-02-23 08:44:55,744 [INFO] from controllers.Application in application-akka.actor.default-dispatcher-6 - Application#index
2019-02-23 08:44:56,834 [INFO] from controllers.Application in application-akka.actor.default-dispatcher-5 - Application#create
2019-02-23 08:45:12,649 [INFO] from controllers.Application in application-akka.actor.default-dispatcher-9 - Application#save
2019-02-23 08:45:12,864 [INFO] from controllers.Application in application-akka.actor.default-dispatcher-9 - Application#index
2019-02-23 08:45:19,261 [INFO] from controllers.Application in application-akka.actor.default-dispatcher-6 - Application#delete
2019-02-23 08:45:19,294 [INFO] from controllers.Application in application-akka.actor.default-dispatcher-6 - Application#index
2019-02-23 08:47:01,729 [INFO] from play.core.server.AkkaHttpServer in pool-7-thread-2 - Stopping server...
2019-02-23 08:47:03,457 [WARN] from akka.actor.CoordinatedShutdown in play-dev-mode-akka.actor.default-dispatcher-8 - Task [shutdown-application-dev-mode] failed in phase [service-stop]: Compilation error[インタフェース play.mvc.Http.RequestHeaderのメソッド flashは指定された型に適用できません。
  期待値: 引数がありません
  検出値: java.lang.String,java.lang.String
  理由: 実引数リストと仮引数リストの長さが異なります]
2019-02-23 09:56:13,538 [WARN] from com.zaxxer.hikari.pool.HikariPool in HikariPool-2 housekeeper - HikariPool-2 - Thread starvation or clock leap detected (housekeeper delta=48m25s181ms113µs253ns).
2019-02-23 13:46:06,532 [WARN] from com.zaxxer.hikari.pool.HikariPool in HikariPool-2 housekeeper - HikariPool-2 - Thread starvation or clock leap detected (housekeeper delta=3h47m51s465ms532µs271ns).
2019-02-23 16:29:08,518 [WARN] from com.zaxxer.hikari.pool.HikariPool in HikariPool-2 housekeeper - HikariPool-2 - Thread starvation or clock leap detected (housekeeper delta=19m30s724ms721µs292ns).
